<?xml version="1.0" encoding="UTF-8" ?>
<testsuite tests="2" failures="0" name="com.mycompany.personaltechweb.AlunoTest" time="21.652" errors="2" skipped="0">
  <properties>
    <property name="java.runtime.name" value="Java(TM) SE Runtime Environment"/>
    <property name="sun.boot.library.path" value="/home/john/jdk1.8.0_161/jre/lib/amd64"/>
    <property name="java.vm.version" value="25.161-b12"/>
    <property name="user.country.format" value="BR"/>
    <property name="java.vm.vendor" value="Oracle Corporation"/>
    <property name="java.vendor.url" value="http://java.oracle.com/"/>
    <property name="path.separator" value=":"/>
    <property name="guice.disable.misplaced.annotation.check" value="true"/>
    <property name="java.vm.name" value="Java HotSpot(TM) 64-Bit Server VM"/>
    <property name="file.encoding.pkg" value="sun.io"/>
    <property name="user.country" value="US"/>
    <property name="sun.java.launcher" value="SUN_STANDARD"/>
    <property name="sun.os.patch.level" value="unknown"/>
    <property name="java.vm.specification.name" value="Java Virtual Machine Specification"/>
    <property name="user.dir" value="/home/john/NetBeansProjects/PersonalTechWeb"/>
    <property name="java.runtime.version" value="1.8.0_161-b12"/>
    <property name="java.awt.graphicsenv" value="sun.awt.X11GraphicsEnvironment"/>
    <property name="java.endorsed.dirs" value="/home/john/jdk1.8.0_161/jre/lib/endorsed"/>
    <property name="os.arch" value="amd64"/>
    <property name="java.io.tmpdir" value="/tmp"/>
    <property name="line.separator" value="
"/>
    <property name="java.vm.specification.vendor" value="Oracle Corporation"/>
    <property name="os.name" value="Linux"/>
    <property name="maven.ext.class.path" value="/home/john/netbeans-8.2/java/maven-nblib/netbeans-eventspy.jar"/>
    <property name="classworlds.conf" value="/home/john/netbeans-8.2/java/maven/bin/m2.conf"/>
    <property name="sun.jnu.encoding" value="UTF-8"/>
    <property name="java.library.path" value="/home/john/jdk1.8.0_161/jre/lib/amd64:/home/john/jdk1.8.0_161/jre/lib/i386::/usr/java/packages/lib/amd64:/usr/lib64:/lib64:/lib:/usr/lib"/>
    <property name="java.specification.name" value="Java Platform API Specification"/>
    <property name="java.class.version" value="52.0"/>
    <property name="sun.management.compiler" value="HotSpot 64-Bit Tiered Compilers"/>
    <property name="os.version" value="4.15.0-22-generic"/>
    <property name="user.home" value="/home/john"/>
    <property name="user.timezone" value="America/Recife"/>
    <property name="java.awt.printerjob" value="sun.print.PSPrinterJob"/>
    <property name="java.specification.version" value="1.8"/>
    <property name="file.encoding" value="UTF-8"/>
    <property name="user.name" value="john"/>
    <property name="java.class.path" value="/home/john/netbeans-8.2/java/maven/boot/plexus-classworlds-2.4.jar"/>
    <property name="java.vm.specification.version" value="1.8"/>
    <property name="sun.arch.data.model" value="64"/>
    <property name="java.home" value="/home/john/jdk1.8.0_161/jre"/>
    <property name="sun.java.command" value="org.codehaus.plexus.classworlds.launcher.Launcher -Dmaven.ext.class.path=/home/john/netbeans-8.2/java/maven-nblib/netbeans-eventspy.jar install"/>
    <property name="java.specification.vendor" value="Oracle Corporation"/>
    <property name="user.language" value="en"/>
    <property name="user.language.format" value="pt"/>
    <property name="awt.toolkit" value="sun.awt.X11.XToolkit"/>
    <property name="java.vm.info" value="mixed mode"/>
    <property name="java.version" value="1.8.0_161"/>
    <property name="java.ext.dirs" value="/home/john/jdk1.8.0_161/jre/lib/ext:/usr/java/packages/lib/ext"/>
    <property name="securerandom.source" value="file:/dev/./urandom"/>
    <property name="sun.boot.class.path" value="/home/john/jdk1.8.0_161/jre/lib/resources.jar:/home/john/jdk1.8.0_161/jre/lib/rt.jar:/home/john/jdk1.8.0_161/jre/lib/sunrsasign.jar:/home/john/jdk1.8.0_161/jre/lib/jsse.jar:/home/john/jdk1.8.0_161/jre/lib/jce.jar:/home/john/jdk1.8.0_161/jre/lib/charsets.jar:/home/john/jdk1.8.0_161/jre/lib/jfr.jar:/home/john/jdk1.8.0_161/jre/classes"/>
    <property name="java.vendor" value="Oracle Corporation"/>
    <property name="maven.home" value="/home/john/netbeans-8.2/java/maven"/>
    <property name="file.separator" value="/"/>
    <property name="java.vendor.url.bug" value="http://bugreport.sun.com/bugreport/"/>
    <property name="sun.cpu.endian" value="little"/>
    <property name="sun.io.unicode.encoding" value="UnicodeLittle"/>
    <property name="sun.desktop" value="gnome"/>
    <property name="sun.cpu.isalist" value=""/>
  </properties>
  <testcase classname="com.mycompany.personaltechweb.AlunoTest" name="com.mycompany.personaltechweb.AlunoTest" time="0">
    <error message="Exception [EclipseLink-7060] (Eclipse Persistence Services - 2.6.1.v20150605-31e8258): org.eclipse.persistence.exceptions.ValidationException
Exception Description: Cannot acquire data source [jdbc_/personaltechweb].
Internal Exception: javax.naming.NamingException: Lookup failed for &apos;jdbc_/personaltechweb&apos; in SerialContext[myEnv={java.naming.factory.initial=com.sun.enterprise.naming.impl.SerialInitContextFactory, java.naming.factory.url.pkgs=com.sun.enterprise.naming, java.naming.factory.state=com.sun.corba.ee.impl.presentation.rmi.JNDIStateFactoryImpl} [Root exception is javax.naming.NamingException: Failed to look up ConnectorDescriptor from JNDI [Root exception is com.sun.appserv.connectors.internal.api.ConnectorRuntimeException: Error in creating active RAR]]" type="javax.persistence.PersistenceException">javax.persistence.PersistenceException: Exception [EclipseLink-7060] (Eclipse Persistence Services - 2.6.1.v20150605-31e8258): org.eclipse.persistence.exceptions.ValidationException
Exception Description: Cannot acquire data source [jdbc_/personaltechweb].
Internal Exception: javax.naming.NamingException: Lookup failed for &apos;jdbc_/personaltechweb&apos; in SerialContext[myEnv={java.naming.factory.initial=com.sun.enterprise.naming.impl.SerialInitContextFactory, java.naming.factory.url.pkgs=com.sun.enterprise.naming, java.naming.factory.state=com.sun.corba.ee.impl.presentation.rmi.JNDIStateFactoryImpl} [Root exception is javax.naming.NamingException: Failed to look up ConnectorDescriptor from JNDI [Root exception is com.sun.appserv.connectors.internal.api.ConnectorRuntimeException: Error in creating active RAR]]
	at org.eclipse.persistence.internal.jpa.EntityManagerSetupImpl.deploy(EntityManagerSetupImpl.java:815)
	at org.eclipse.persistence.internal.jpa.EntityManagerFactoryDelegate.getAbstractSession(EntityManagerFactoryDelegate.java:205)
	at org.eclipse.persistence.internal.jpa.EntityManagerFactoryDelegate.getDatabaseSession(EntityManagerFactoryDelegate.java:183)
	at org.eclipse.persistence.internal.jpa.EntityManagerFactoryImpl.getDatabaseSession(EntityManagerFactoryImpl.java:528)
	at org.eclipse.persistence.jpa.PersistenceProvider.createEntityManagerFactoryImpl(PersistenceProvider.java:150)
	at org.eclipse.persistence.jpa.PersistenceProvider.createEntityManagerFactory(PersistenceProvider.java:188)
	at javax.persistence.Persistence.createEntityManagerFactory(Persistence.java:79)
	at javax.persistence.Persistence.createEntityManagerFactory(Persistence.java:54)
	at com.mycompany.personaltechweb.AlunoTest.setUpClass(AlunoTest.java:30)
	at sun.reflect.NativeMethodAccessorImpl.invoke0(Native Method)
	at sun.reflect.NativeMethodAccessorImpl.invoke(NativeMethodAccessorImpl.java:62)
	at sun.reflect.DelegatingMethodAccessorImpl.invoke(DelegatingMethodAccessorImpl.java:43)
	at java.lang.reflect.Method.invoke(Method.java:498)
	at org.junit.runners.model.FrameworkMethod$1.runReflectiveCall(FrameworkMethod.java:47)
	at org.junit.internal.runners.model.ReflectiveCallable.run(ReflectiveCallable.java:12)
	at org.junit.runners.model.FrameworkMethod.invokeExplosively(FrameworkMethod.java:44)
	at org.junit.internal.runners.statements.RunBefores.evaluate(RunBefores.java:24)
	at org.junit.internal.runners.statements.RunAfters.evaluate(RunAfters.java:27)
	at org.junit.runners.ParentRunner.run(ParentRunner.java:309)
	at org.apache.maven.surefire.junit4.JUnit4TestSet.execute(JUnit4TestSet.java:53)
	at org.apache.maven.surefire.junit4.JUnit4Provider.executeTestSet(JUnit4Provider.java:123)
	at org.apache.maven.surefire.junit4.JUnit4Provider.invoke(JUnit4Provider.java:104)
	at sun.reflect.NativeMethodAccessorImpl.invoke0(Native Method)
	at sun.reflect.NativeMethodAccessorImpl.invoke(NativeMethodAccessorImpl.java:62)
	at sun.reflect.DelegatingMethodAccessorImpl.invoke(DelegatingMethodAccessorImpl.java:43)
	at java.lang.reflect.Method.invoke(Method.java:498)
	at org.apache.maven.surefire.util.ReflectionUtils.invokeMethodWithArray(ReflectionUtils.java:164)
	at org.apache.maven.surefire.booter.ProviderFactory$ProviderProxy.invoke(ProviderFactory.java:110)
	at org.apache.maven.surefire.booter.SurefireStarter.invokeProvider(SurefireStarter.java:175)
	at org.apache.maven.surefire.booter.SurefireStarter.runSuitesInProcessWhenForked(SurefireStarter.java:107)
	at org.apache.maven.surefire.booter.ForkedBooter.main(ForkedBooter.java:68)
Caused by: Exception [EclipseLink-7060] (Eclipse Persistence Services - 2.6.1.v20150605-31e8258): org.eclipse.persistence.exceptions.ValidationException
Exception Description: Cannot acquire data source [jdbc_/personaltechweb].
Internal Exception: javax.naming.NamingException: Lookup failed for &apos;jdbc_/personaltechweb&apos; in SerialContext[myEnv={java.naming.factory.initial=com.sun.enterprise.naming.impl.SerialInitContextFactory, java.naming.factory.url.pkgs=com.sun.enterprise.naming, java.naming.factory.state=com.sun.corba.ee.impl.presentation.rmi.JNDIStateFactoryImpl} [Root exception is javax.naming.NamingException: Failed to look up ConnectorDescriptor from JNDI [Root exception is com.sun.appserv.connectors.internal.api.ConnectorRuntimeException: Error in creating active RAR]]
	at org.eclipse.persistence.exceptions.ValidationException.cannotAcquireDataSource(ValidationException.java:523)
	at org.eclipse.persistence.sessions.JNDIConnector.connect(JNDIConnector.java:121)
	at org.eclipse.persistence.sessions.DatasourceLogin.connectToDatasource(DatasourceLogin.java:162)
	at org.eclipse.persistence.internal.databaseaccess.DatasourceAccessor.connectInternal(DatasourceAccessor.java:346)
	at org.eclipse.persistence.internal.databaseaccess.DatabaseAccessor.connectInternal(DatabaseAccessor.java:309)
	at org.eclipse.persistence.internal.databaseaccess.DatasourceAccessor.connect(DatasourceAccessor.java:434)
	at org.eclipse.persistence.sessions.server.ConnectionPool.buildConnection(ConnectionPool.java:217)
	at org.eclipse.persistence.sessions.server.ExternalConnectionPool.startUp(ExternalConnectionPool.java:146)
	at org.eclipse.persistence.sessions.server.ServerSession.connect(ServerSession.java:488)
	at org.eclipse.persistence.internal.sessions.DatabaseSessionImpl.login(DatabaseSessionImpl.java:764)
	at org.eclipse.persistence.internal.jpa.EntityManagerFactoryProvider.login(EntityManagerFactoryProvider.java:267)
	at org.eclipse.persistence.internal.jpa.EntityManagerSetupImpl.deploy(EntityManagerSetupImpl.java:731)
	... 30 more
Caused by: javax.naming.NamingException: Lookup failed for &apos;jdbc_/personaltechweb&apos; in SerialContext[myEnv={java.naming.factory.initial=com.sun.enterprise.naming.impl.SerialInitContextFactory, java.naming.factory.url.pkgs=com.sun.enterprise.naming, java.naming.factory.state=com.sun.corba.ee.impl.presentation.rmi.JNDIStateFactoryImpl} [Root exception is javax.naming.NamingException: Failed to look up ConnectorDescriptor from JNDI [Root exception is com.sun.appserv.connectors.internal.api.ConnectorRuntimeException: Error in creating active RAR]]
	at com.sun.enterprise.naming.impl.SerialContext.lookup(SerialContext.java:491)
	at com.sun.enterprise.naming.impl.SerialContext.lookup(SerialContext.java:438)
	at com.sun.enterprise.naming.impl.SerialContext.lookup(SerialContext.java:622)
	at javax.naming.InitialContext.lookup(InitialContext.java:421)
	at org.eclipse.persistence.sessions.JNDIConnector.connect(JNDIConnector.java:115)
	... 40 more
Caused by: javax.naming.NamingException: Failed to look up ConnectorDescriptor from JNDI [Root exception is com.sun.appserv.connectors.internal.api.ConnectorRuntimeException: Error in creating active RAR]
	at com.sun.enterprise.resource.naming.ConnectorObjectFactory.getObjectInstance(ConnectorObjectFactory.java:114)
	at javax.naming.spi.NamingManager.getObjectInstance(NamingManager.java:321)
	at com.sun.enterprise.naming.impl.SerialContext.getObjectInstance(SerialContext.java:527)
	at com.sun.enterprise.naming.impl.SerialContext.lookup(SerialContext.java:487)
	... 44 more
Caused by: com.sun.appserv.connectors.internal.api.ConnectorRuntimeException: Error in creating active RAR
	at com.sun.enterprise.connectors.ActiveRAFactory.createActiveResourceAdapter(ActiveRAFactory.java:111)
	at com.sun.enterprise.connectors.service.ResourceAdapterAdminServiceImpl.createActiveResourceAdapter(ResourceAdapterAdminServiceImpl.java:210)
	at com.sun.enterprise.connectors.ConnectorRuntime.createActiveResourceAdapter(ConnectorRuntime.java:427)
	at com.sun.enterprise.resource.naming.ConnectorObjectFactory.getObjectInstance(ConnectorObjectFactory.java:107)
	... 47 more
Caused by: java.lang.ClassNotFoundException: com.sun.gjc.spi.ResourceAdapterImpl
	at java.net.URLClassLoader.findClass(URLClassLoader.java:381)
	at java.lang.ClassLoader.loadClass(ClassLoader.java:424)
	at sun.misc.Launcher$AppClassLoader.loadClass(Launcher.java:338)
	at java.lang.ClassLoader.loadClass(ClassLoader.java:357)
	at com.sun.enterprise.connectors.ActiveRAFactory.createActiveResourceAdapter(ActiveRAFactory.java:102)
	... 50 more
</error>
    <system-out>[EL Info]: server: 2018-06-10 19:05:38.555--Detected server platform: org.eclipse.persistence.platform.server.NoServerPlatform.
[EL Info]: server: 2018-06-10 19:05:38.917--ServerSession(874217650)--Detected server platform: org.eclipse.persistence.platform.server.NoServerPlatform.
[EL Finest]: jpa: 2018-06-10 19:05:38.919--ServerSession(874217650)--Thread(Thread[main,5,main])--Begin predeploying Persistence Unit PersonalTechWebPU; session /file:/home/john/NetBeansProjects/PersonalTechWeb/target/classes/_PersonalTechWebPU; state Initial; factoryCount 0
[EL Finest]: properties: 2018-06-10 19:05:38.931--ServerSession(874217650)--Thread(Thread[main,5,main])--property=eclipselink.orm.throw.exceptions; default value=true
[EL Finest]: properties: 2018-06-10 19:05:38.932--ServerSession(874217650)--Thread(Thread[main,5,main])--property=eclipselink.weaving.changetracking; default value=true
[EL Finest]: properties: 2018-06-10 19:05:38.932--ServerSession(874217650)--Thread(Thread[main,5,main])--property=eclipselink.weaving.lazy; default value=true
[EL Finest]: properties: 2018-06-10 19:05:38.933--ServerSession(874217650)--Thread(Thread[main,5,main])--property=eclipselink.weaving.eager; default value=false
[EL Finest]: properties: 2018-06-10 19:05:38.933--ServerSession(874217650)--Thread(Thread[main,5,main])--property=eclipselink.weaving.fetchgroups; default value=true
[EL Finest]: properties: 2018-06-10 19:05:38.933--ServerSession(874217650)--Thread(Thread[main,5,main])--property=eclipselink.weaving.internal; default value=true
[EL Finest]: properties: 2018-06-10 19:05:38.934--ServerSession(874217650)--Thread(Thread[main,5,main])--property=eclipselink.weaving.rest; default value=true
[EL Finest]: properties: 2018-06-10 19:05:38.935--ServerSession(874217650)--Thread(Thread[main,5,main])--property=eclipselink.multitenant.tenants-share-emf; default value=true
[EL Finest]: properties: 2018-06-10 19:05:38.936--ServerSession(874217650)--Thread(Thread[main,5,main])--property=eclipselink.multitenant.tenants-share-cache; default value=false
[EL Finer]: metadata: 2018-06-10 19:05:39.04--Thread(Thread[main,5,main])--Searching for mapping file: [META-INF/orm.xml] at root URL: [file:/home/john/NetBeansProjects/PersonalTechWeb/target/classes/].
[EL Finer]: metadata: 2018-06-10 19:05:39.042--Thread(Thread[main,5,main])--Searching for mapping file: [META-INF/eclipselink-orm.xml] at root URL: [file:/home/john/NetBeansProjects/PersonalTechWeb/target/classes/].
[EL Config]: metadata: 2018-06-10 19:05:39.416--ServerSession(874217650)--Thread(Thread[main,5,main])--The access type for the persistent class [class com.mycompany.personaltechweb.entities.Exercicio] is set to [FIELD].
[EL Config]: metadata: 2018-06-10 19:05:39.476--ServerSession(874217650)--Thread(Thread[main,5,main])--The access type for the persistent class [class com.mycompany.personaltechweb.entities.Pergunta] is set to [FIELD].
[EL Config]: metadata: 2018-06-10 19:05:39.495--ServerSession(874217650)--Thread(Thread[main,5,main])--The target entity (reference) class for the one to many mapping element [field respostas] is being defaulted to: class com.mycompany.personaltechweb.entities.RespostasAvaliacao.
[EL Config]: metadata: 2018-06-10 19:05:39.497--ServerSession(874217650)--Thread(Thread[main,5,main])--The access type for the persistent class [class com.mycompany.personaltechweb.entities.Usuario] is set to [FIELD].
[EL Config]: metadata: 2018-06-10 19:05:39.5--ServerSession(874217650)--Thread(Thread[main,5,main])--The access type for the persistent class [class com.mycompany.personaltechweb.entities.PersonalTrainer] is set to [FIELD].
[EL Config]: metadata: 2018-06-10 19:05:39.502--ServerSession(874217650)--Thread(Thread[main,5,main])--The target entity (reference) class for the one to many mapping element [field alunos] is being defaulted to: class com.mycompany.personaltechweb.entities.Aluno.
[EL Config]: metadata: 2018-06-10 19:05:39.512--ServerSession(874217650)--Thread(Thread[main,5,main])--The target class (reference) class for the element collection mapping element [field telefones] is being defaulted to: class java.lang.String.
[EL Config]: metadata: 2018-06-10 19:05:39.512--ServerSession(874217650)--Thread(Thread[main,5,main])--The access type for the persistent class [class com.mycompany.personaltechweb.entities.RespostasAvaliacao] is set to [FIELD].
[EL Config]: metadata: 2018-06-10 19:05:39.514--ServerSession(874217650)--Thread(Thread[main,5,main])--The target entity (reference) class for the many to one mapping element [field pergunta] is being defaulted to: class com.mycompany.personaltechweb.entities.Pergunta.
[EL Config]: metadata: 2018-06-10 19:05:39.514--ServerSession(874217650)--Thread(Thread[main,5,main])--The target entity (reference) class for the many to one mapping element [field avaliacao] is being defaulted to: class com.mycompany.personaltechweb.entities.Avaliacao.
[EL Config]: metadata: 2018-06-10 19:05:39.515--ServerSession(874217650)--Thread(Thread[main,5,main])--The access type for the persistent class [class com.mycompany.personaltechweb.entities.Avaliacao] is set to [FIELD].
[EL Config]: metadata: 2018-06-10 19:05:39.515--ServerSession(874217650)--Thread(Thread[main,5,main])--The target entity (reference) class for the many to one mapping element [field aluno] is being defaulted to: class com.mycompany.personaltechweb.entities.Aluno.
[EL Config]: metadata: 2018-06-10 19:05:39.516--ServerSession(874217650)--Thread(Thread[main,5,main])--The target entity (reference) class for the one to many mapping element [field respostas] is being defaulted to: class com.mycompany.personaltechweb.entities.RespostasAvaliacao.
[EL Config]: metadata: 2018-06-10 19:05:39.516--ServerSession(874217650)--Thread(Thread[main,5,main])--The access type for the persistent class [class com.mycompany.personaltechweb.entities.Aluno] is set to [FIELD].
[EL Config]: metadata: 2018-06-10 19:05:39.516--ServerSession(874217650)--Thread(Thread[main,5,main])--The target entity (reference) class for the one to many mapping element [field exercicios] is being defaulted to: class com.mycompany.personaltechweb.entities.Exercicio.
[EL Config]: metadata: 2018-06-10 19:05:39.517--ServerSession(874217650)--Thread(Thread[main,5,main])--The target entity (reference) class for the one to many mapping element [field avaliacoes] is being defaulted to: class com.mycompany.personaltechweb.entities.Avaliacao.
[EL Config]: metadata: 2018-06-10 19:05:39.518--ServerSession(874217650)--Thread(Thread[main,5,main])--The target class (reference) class for the element collection mapping element [field telefones] is being defaulted to: class java.lang.String.
[EL Config]: metadata: 2018-06-10 19:05:39.518--ServerSession(874217650)--Thread(Thread[main,5,main])--The access type for the persistent class [class com.mycompany.personaltechweb.entities.Endereco] is set to [FIELD].
[EL Config]: metadata: 2018-06-10 19:05:39.521--ServerSession(874217650)--Thread(Thread[main,5,main])--The alias name for the entity class [class com.mycompany.personaltechweb.entities.Exercicio] is being defaulted to: Exercicio.
[EL Config]: metadata: 2018-06-10 19:05:39.573--ServerSession(874217650)--Thread(Thread[main,5,main])--The column name for element [id] is being defaulted to: ID.
[EL Config]: metadata: 2018-06-10 19:05:39.574--ServerSession(874217650)--Thread(Thread[main,5,main])--The alias name for the entity class [class com.mycompany.personaltechweb.entities.Pergunta] is being defaulted to: Pergunta.
[EL Config]: metadata: 2018-06-10 19:05:39.575--ServerSession(874217650)--Thread(Thread[main,5,main])--The column name for element [id] is being defaulted to: ID.
[EL Config]: metadata: 2018-06-10 19:05:39.575--ServerSession(874217650)--Thread(Thread[main,5,main])--The alias name for the entity class [class com.mycompany.personaltechweb.entities.PersonalTrainer] is being defaulted to: PersonalTrainer.
[EL Config]: metadata: 2018-06-10 19:05:39.576--ServerSession(874217650)--Thread(Thread[main,5,main])--The alias name for the entity class [class com.mycompany.personaltechweb.entities.Usuario] is being defaulted to: Usuario.
[EL Config]: metadata: 2018-06-10 19:05:39.582--ServerSession(874217650)--Thread(Thread[main,5,main])--The column name for element [id] is being defaulted to: ID.
[EL Config]: metadata: 2018-06-10 19:05:39.586--ServerSession(874217650)--Thread(Thread[main,5,main])--The alias name for the entity class [class com.mycompany.personaltechweb.entities.RespostasAvaliacao] is being defaulted to: RespostasAvaliacao.
[EL Config]: metadata: 2018-06-10 19:05:39.587--ServerSession(874217650)--Thread(Thread[main,5,main])--The column name for element [id] is being defaulted to: ID.
[EL Config]: metadata: 2018-06-10 19:05:39.587--ServerSession(874217650)--Thread(Thread[main,5,main])--The alias name for the entity class [class com.mycompany.personaltechweb.entities.Avaliacao] is being defaulted to: Avaliacao.
[EL Config]: metadata: 2018-06-10 19:05:39.588--ServerSession(874217650)--Thread(Thread[main,5,main])--The column name for element [id] is being defaulted to: ID.
[EL Config]: metadata: 2018-06-10 19:05:39.589--ServerSession(874217650)--Thread(Thread[main,5,main])--The alias name for the entity class [class com.mycompany.personaltechweb.entities.Aluno] is being defaulted to: Aluno.
[EL Config]: metadata: 2018-06-10 19:05:39.645--ServerSession(874217650)--Thread(Thread[main,5,main])--The primary key column name for the mapping element [field telefones] is being defaulted to: ID.
[EL Config]: metadata: 2018-06-10 19:05:39.649--ServerSession(874217650)--Thread(Thread[main,5,main])--The primary key column name for the mapping element [field telefones] is being defaulted to: ID.
[EL Finer]: weaver: 2018-06-10 19:05:39.699--ServerSession(874217650)--Thread(Thread[main,5,main])--Class [com.mycompany.personaltechweb.entities.Exercicio] registered to be processed by weaver.
[EL Finer]: weaver: 2018-06-10 19:05:39.703--ServerSession(874217650)--Thread(Thread[main,5,main])--Class [com.mycompany.personaltechweb.entities.Pergunta] registered to be processed by weaver.
[EL Finer]: weaver: 2018-06-10 19:05:39.704--ServerSession(874217650)--Thread(Thread[main,5,main])--Class [com.mycompany.personaltechweb.entities.Endereco] registered to be processed by weaver.
[EL Finer]: weaver: 2018-06-10 19:05:39.705--ServerSession(874217650)--Thread(Thread[main,5,main])--Class [com.mycompany.personaltechweb.entities.PersonalTrainer] registered to be processed by weaver.
[EL Finer]: weaver: 2018-06-10 19:05:39.707--ServerSession(874217650)--Thread(Thread[main,5,main])--Class [com.mycompany.personaltechweb.entities.RespostasAvaliacao] registered to be processed by weaver.
[EL Finer]: weaver: 2018-06-10 19:05:39.708--ServerSession(874217650)--Thread(Thread[main,5,main])--Class [com.mycompany.personaltechweb.entities.Avaliacao] registered to be processed by weaver.
[EL Finer]: weaver: 2018-06-10 19:05:39.708--ServerSession(874217650)--Thread(Thread[main,5,main])--Class [com.mycompany.personaltechweb.entities.Usuario] registered to be processed by weaver.
[EL Finer]: weaver: 2018-06-10 19:05:39.709--ServerSession(874217650)--Thread(Thread[main,5,main])--Class [com.mycompany.personaltechweb.entities.Aluno] registered to be processed by weaver.
[EL Finest]: jpa: 2018-06-10 19:05:40.192--ServerSession(874217650)--Thread(Thread[main,5,main])--End predeploying Persistence Unit PersonalTechWebPU; session /file:/home/john/NetBeansProjects/PersonalTechWeb/target/classes/_PersonalTechWebPU; state Predeployed; factoryCount 0
[EL Finer]: weaver: 2018-06-10 19:05:40.192--Thread(Thread[main,5,main])--JavaSECMPInitializer - transformer is null.
[EL Finest]: jpa: 2018-06-10 19:05:40.193--ServerSession(874217650)--Thread(Thread[main,5,main])--Begin predeploying Persistence Unit PersonalTechWebPU; session /file:/home/john/NetBeansProjects/PersonalTechWeb/target/classes/_PersonalTechWebPU; state Predeployed; factoryCount 0
[EL Finest]: jpa: 2018-06-10 19:05:40.193--ServerSession(874217650)--Thread(Thread[main,5,main])--End predeploying Persistence Unit PersonalTechWebPU; session /file:/home/john/NetBeansProjects/PersonalTechWeb/target/classes/_PersonalTechWebPU; state Predeployed; factoryCount 1
[EL Finer]: metamodel: 2018-06-10 19:05:40.216--ServerSession(874217650)--Thread(Thread[main,5,main])--Canonical Metamodel class [com.mycompany.personaltechweb.entities.Endereco_] found and instantiated during initialization.
[EL Finer]: metamodel: 2018-06-10 19:05:40.217--ServerSession(874217650)--Thread(Thread[main,5,main])--Canonical Metamodel class [com.mycompany.personaltechweb.entities.PersonalTrainer_] found and instantiated during initialization.
[EL Finer]: metamodel: 2018-06-10 19:05:40.218--ServerSession(874217650)--Thread(Thread[main,5,main])--Canonical Metamodel class [com.mycompany.personaltechweb.entities.RespostasAvaliacao_] found and instantiated during initialization.
[EL Finer]: metamodel: 2018-06-10 19:05:40.219--ServerSession(874217650)--Thread(Thread[main,5,main])--Canonical Metamodel class [com.mycompany.personaltechweb.entities.Avaliacao_] found and instantiated during initialization.
[EL Finer]: metamodel: 2018-06-10 19:05:40.219--ServerSession(874217650)--Thread(Thread[main,5,main])--Canonical Metamodel class [com.mycompany.personaltechweb.entities.Usuario_] found and instantiated during initialization.
[EL Finer]: metamodel: 2018-06-10 19:05:40.221--ServerSession(874217650)--Thread(Thread[main,5,main])--Canonical Metamodel class [com.mycompany.personaltechweb.entities.Aluno_] found and instantiated during initialization.
[EL Finer]: metamodel: 2018-06-10 19:05:40.222--ServerSession(874217650)--Thread(Thread[main,5,main])--Canonical Metamodel class [com.mycompany.personaltechweb.entities.Exercicio_] found and instantiated during initialization.
[EL Finer]: metamodel: 2018-06-10 19:05:40.223--ServerSession(874217650)--Thread(Thread[main,5,main])--Canonical Metamodel class [com.mycompany.personaltechweb.entities.Pergunta_] found and instantiated during initialization.
[EL Finest]: jpa: 2018-06-10 19:05:40.224--ServerSession(874217650)--Thread(Thread[main,5,main])--Begin deploying Persistence Unit PersonalTechWebPU; session /file:/home/john/NetBeansProjects/PersonalTechWeb/target/classes/_PersonalTechWebPU; state Predeployed; factoryCount 1
[EL Info]: server: 2018-06-10 19:05:40.657--Thread(Thread[main,5,main])--Detected server platform: org.eclipse.persistence.platform.server.NoServerPlatform.
[EL Finer]: 2018-06-10 19:05:40.658--Thread(Thread[main,5,main])--initializing session manager
[EL Info]: server: 2018-06-10 19:05:40.658--ServerSession(874217650)--Thread(Thread[main,5,main])--Detected server platform: org.eclipse.persistence.platform.server.NoServerPlatform.
[EL Finest]: properties: 2018-06-10 19:05:40.658--ServerSession(874217650)--Thread(Thread[main,5,main])--property=eclipselink.logging.level; value=FINEST; translated value=FINEST
[EL Finest]: properties: 2018-06-10 19:05:40.659--ServerSession(874217650)--Thread(Thread[main,5,main])--property=eclipselink.logging.level; value=FINEST; translated value=FINEST
[EL Finest]: properties: 2018-06-10 19:05:40.659--ServerSession(874217650)--Thread(Thread[main,5,main])--property=eclipselink.target-database; value=MySQL; translated value=org.eclipse.persistence.platform.database.MySQLPlatform
[EL Finest]: properties: 2018-06-10 19:05:40.665--ServerSession(874217650)--Thread(Thread[main,5,main])--property=javax.persistence.jdbc.user; value=root
[EL Finest]: properties: 2018-06-10 19:05:40.666--ServerSession(874217650)--Thread(Thread[main,5,main])--property=javax.persistence.jdbc.password; value=xxxxxx
[EL Finest]: properties: 2018-06-10 19:05:41.433--ServerSession(874217650)--Thread(Thread[main,5,main])--property=eclipselink.jdbc.native-sql; value=true
[EL Info]: 2018-06-10 19:05:41.435--ServerSession(874217650)--Thread(Thread[main,5,main])--EclipseLink, version: Eclipse Persistence Services - 2.6.1.v20150605-31e8258
[EL Config]: connection: 2018-06-10 19:05:41.447--ServerSession(874217650)--Connection(1753150176)--Thread(Thread[main,5,main])--connecting(DatabaseLogin(
	platform=&gt;MySQLPlatform
	user name=&gt; &quot;root&quot;
	connector=&gt;JNDIConnector datasource name=&gt;jdbc_/personaltechweb
))
[EL Severe]: 2018-06-10 19:05:57.819--ServerSession(874217650)--Thread(Thread[main,5,main])--Local Exception Stack: 
Exception [EclipseLink-7060] (Eclipse Persistence Services - 2.6.1.v20150605-31e8258): org.eclipse.persistence.exceptions.ValidationException
Exception Description: Cannot acquire data source [jdbc_/personaltechweb].
Internal Exception: javax.naming.NamingException: Lookup failed for &apos;jdbc_/personaltechweb&apos; in SerialContext[myEnv={java.naming.factory.initial=com.sun.enterprise.naming.impl.SerialInitContextFactory, java.naming.factory.url.pkgs=com.sun.enterprise.naming, java.naming.factory.state=com.sun.corba.ee.impl.presentation.rmi.JNDIStateFactoryImpl} [Root exception is javax.naming.NamingException: Failed to look up ConnectorDescriptor from JNDI [Root exception is com.sun.appserv.connectors.internal.api.ConnectorRuntimeException: Error in creating active RAR]]
	at org.eclipse.persistence.exceptions.ValidationException.cannotAcquireDataSource(ValidationException.java:523)
	at org.eclipse.persistence.sessions.JNDIConnector.connect(JNDIConnector.java:121)
	at org.eclipse.persistence.sessions.DatasourceLogin.connectToDatasource(DatasourceLogin.java:162)
	at org.eclipse.persistence.internal.databaseaccess.DatasourceAccessor.connectInternal(DatasourceAccessor.java:346)
	at org.eclipse.persistence.internal.databaseaccess.DatabaseAccessor.connectInternal(DatabaseAccessor.java:309)
	at org.eclipse.persistence.internal.databaseaccess.DatasourceAccessor.connect(DatasourceAccessor.java:434)
	at org.eclipse.persistence.sessions.server.ConnectionPool.buildConnection(ConnectionPool.java:217)
	at org.eclipse.persistence.sessions.server.ExternalConnectionPool.startUp(ExternalConnectionPool.java:146)
	at org.eclipse.persistence.sessions.server.ServerSession.connect(ServerSession.java:488)
	at org.eclipse.persistence.internal.sessions.DatabaseSessionImpl.login(DatabaseSessionImpl.java:764)
	at org.eclipse.persistence.internal.jpa.EntityManagerFactoryProvider.login(EntityManagerFactoryProvider.java:267)
	at org.eclipse.persistence.internal.jpa.EntityManagerSetupImpl.deploy(EntityManagerSetupImpl.java:731)
	at org.eclipse.persistence.internal.jpa.EntityManagerFactoryDelegate.getAbstractSession(EntityManagerFactoryDelegate.java:205)
	at org.eclipse.persistence.internal.jpa.EntityManagerFactoryDelegate.getDatabaseSession(EntityManagerFactoryDelegate.java:183)
	at org.eclipse.persistence.internal.jpa.EntityManagerFactoryImpl.getDatabaseSession(EntityManagerFactoryImpl.java:528)
	at org.eclipse.persistence.jpa.PersistenceProvider.createEntityManagerFactoryImpl(PersistenceProvider.java:150)
	at org.eclipse.persistence.jpa.PersistenceProvider.createEntityManagerFactory(PersistenceProvider.java:188)
	at javax.persistence.Persistence.createEntityManagerFactory(Persistence.java:79)
	at javax.persistence.Persistence.createEntityManagerFactory(Persistence.java:54)
	at com.mycompany.personaltechweb.AlunoTest.setUpClass(AlunoTest.java:30)
	at sun.reflect.NativeMethodAccessorImpl.invoke0(Native Method)
	at sun.reflect.NativeMethodAccessorImpl.invoke(NativeMethodAccessorImpl.java:62)
	at sun.reflect.DelegatingMethodAccessorImpl.invoke(DelegatingMethodAccessorImpl.java:43)
	at java.lang.reflect.Method.invoke(Method.java:498)
	at org.junit.runners.model.FrameworkMethod$1.runReflectiveCall(FrameworkMethod.java:47)
	at org.junit.internal.runners.model.ReflectiveCallable.run(ReflectiveCallable.java:12)
	at org.junit.runners.model.FrameworkMethod.invokeExplosively(FrameworkMethod.java:44)
	at org.junit.internal.runners.statements.RunBefores.evaluate(RunBefores.java:24)
	at org.junit.internal.runners.statements.RunAfters.evaluate(RunAfters.java:27)
	at org.junit.runners.ParentRunner.run(ParentRunner.java:309)
	at org.apache.maven.surefire.junit4.JUnit4TestSet.execute(JUnit4TestSet.java:53)
	at org.apache.maven.surefire.junit4.JUnit4Provider.executeTestSet(JUnit4Provider.java:123)
	at org.apache.maven.surefire.junit4.JUnit4Provider.invoke(JUnit4Provider.java:104)
	at sun.reflect.NativeMethodAccessorImpl.invoke0(Native Method)
	at sun.reflect.NativeMethodAccessorImpl.invoke(NativeMethodAccessorImpl.java:62)
	at sun.reflect.DelegatingMethodAccessorImpl.invoke(DelegatingMethodAccessorImpl.java:43)
	at java.lang.reflect.Method.invoke(Method.java:498)
	at org.apache.maven.surefire.util.ReflectionUtils.invokeMethodWithArray(ReflectionUtils.java:164)
	at org.apache.maven.surefire.booter.ProviderFactory$ProviderProxy.invoke(ProviderFactory.java:110)
	at org.apache.maven.surefire.booter.SurefireStarter.invokeProvider(SurefireStarter.java:175)
	at org.apache.maven.surefire.booter.SurefireStarter.runSuitesInProcessWhenForked(SurefireStarter.java:107)
	at org.apache.maven.surefire.booter.ForkedBooter.main(ForkedBooter.java:68)
Caused by: javax.naming.NamingException: Lookup failed for &apos;jdbc_/personaltechweb&apos; in SerialContext[myEnv={java.naming.factory.initial=com.sun.enterprise.naming.impl.SerialInitContextFactory, java.naming.factory.url.pkgs=com.sun.enterprise.naming, java.naming.factory.state=com.sun.corba.ee.impl.presentation.rmi.JNDIStateFactoryImpl} [Root exception is javax.naming.NamingException: Failed to look up ConnectorDescriptor from JNDI [Root exception is com.sun.appserv.connectors.internal.api.ConnectorRuntimeException: Error in creating active RAR]]
	at com.sun.enterprise.naming.impl.SerialContext.lookup(SerialContext.java:491)
	at com.sun.enterprise.naming.impl.SerialContext.lookup(SerialContext.java:438)
	at com.sun.enterprise.naming.impl.SerialContext.lookup(SerialContext.java:622)
	at javax.naming.InitialContext.lookup(InitialContext.java:421)
	at org.eclipse.persistence.sessions.JNDIConnector.connect(JNDIConnector.java:115)
	... 40 more
Caused by: javax.naming.NamingException: Failed to look up ConnectorDescriptor from JNDI [Root exception is com.sun.appserv.connectors.internal.api.ConnectorRuntimeException: Error in creating active RAR]
	at com.sun.enterprise.resource.naming.ConnectorObjectFactory.getObjectInstance(ConnectorObjectFactory.java:114)
	at javax.naming.spi.NamingManager.getObjectInstance(NamingManager.java:321)
	at com.sun.enterprise.naming.impl.SerialContext.getObjectInstance(SerialContext.java:527)
	at com.sun.enterprise.naming.impl.SerialContext.lookup(SerialContext.java:487)
	... 44 more
Caused by: com.sun.appserv.connectors.internal.api.ConnectorRuntimeException: Error in creating active RAR
	at com.sun.enterprise.connectors.ActiveRAFactory.createActiveResourceAdapter(ActiveRAFactory.java:111)
	at com.sun.enterprise.connectors.service.ResourceAdapterAdminServiceImpl.createActiveResourceAdapter(ResourceAdapterAdminServiceImpl.java:210)
	at com.sun.enterprise.connectors.ConnectorRuntime.createActiveResourceAdapter(ConnectorRuntime.java:427)
	at com.sun.enterprise.resource.naming.ConnectorObjectFactory.getObjectInstance(ConnectorObjectFactory.java:107)
	... 47 more
Caused by: java.lang.ClassNotFoundException: com.sun.gjc.spi.ResourceAdapterImpl
	at java.net.URLClassLoader.findClass(URLClassLoader.java:381)
	at java.lang.ClassLoader.loadClass(ClassLoader.java:424)
	at sun.misc.Launcher$AppClassLoader.loadClass(Launcher.java:338)
	at java.lang.ClassLoader.loadClass(ClassLoader.java:357)
	at com.sun.enterprise.connectors.ActiveRAFactory.createActiveResourceAdapter(ActiveRAFactory.java:102)
	... 50 more

[EL Severe]: ejb: 2018-06-10 19:05:57.843--ServerSession(874217650)--Thread(Thread[main,5,main])--Local Exception Stack: 
Exception [EclipseLink-7060] (Eclipse Persistence Services - 2.6.1.v20150605-31e8258): org.eclipse.persistence.exceptions.ValidationException
Exception Description: Cannot acquire data source [jdbc_/personaltechweb].
Internal Exception: javax.naming.NamingException: Lookup failed for &apos;jdbc_/personaltechweb&apos; in SerialContext[myEnv={java.naming.factory.initial=com.sun.enterprise.naming.impl.SerialInitContextFactory, java.naming.factory.url.pkgs=com.sun.enterprise.naming, java.naming.factory.state=com.sun.corba.ee.impl.presentation.rmi.JNDIStateFactoryImpl} [Root exception is javax.naming.NamingException: Failed to look up ConnectorDescriptor from JNDI [Root exception is com.sun.appserv.connectors.internal.api.ConnectorRuntimeException: Error in creating active RAR]]
	at org.eclipse.persistence.exceptions.ValidationException.cannotAcquireDataSource(ValidationException.java:523)
	at org.eclipse.persistence.sessions.JNDIConnector.connect(JNDIConnector.java:121)
	at org.eclipse.persistence.sessions.DatasourceLogin.connectToDatasource(DatasourceLogin.java:162)
	at org.eclipse.persistence.internal.databaseaccess.DatasourceAccessor.connectInternal(DatasourceAccessor.java:346)
	at org.eclipse.persistence.internal.databaseaccess.DatabaseAccessor.connectInternal(DatabaseAccessor.java:309)
	at org.eclipse.persistence.internal.databaseaccess.DatasourceAccessor.connect(DatasourceAccessor.java:434)
	at org.eclipse.persistence.sessions.server.ConnectionPool.buildConnection(ConnectionPool.java:217)
	at org.eclipse.persistence.sessions.server.ExternalConnectionPool.startUp(ExternalConnectionPool.java:146)
	at org.eclipse.persistence.sessions.server.ServerSession.connect(ServerSession.java:488)
	at org.eclipse.persistence.internal.sessions.DatabaseSessionImpl.login(DatabaseSessionImpl.java:764)
	at org.eclipse.persistence.internal.jpa.EntityManagerFactoryProvider.login(EntityManagerFactoryProvider.java:267)
	at org.eclipse.persistence.internal.jpa.EntityManagerSetupImpl.deploy(EntityManagerSetupImpl.java:731)
	at org.eclipse.persistence.internal.jpa.EntityManagerFactoryDelegate.getAbstractSession(EntityManagerFactoryDelegate.java:205)
	at org.eclipse.persistence.internal.jpa.EntityManagerFactoryDelegate.getDatabaseSession(EntityManagerFactoryDelegate.java:183)
	at org.eclipse.persistence.internal.jpa.EntityManagerFactoryImpl.getDatabaseSession(EntityManagerFactoryImpl.java:528)
	at org.eclipse.persistence.jpa.PersistenceProvider.createEntityManagerFactoryImpl(PersistenceProvider.java:150)
	at org.eclipse.persistence.jpa.PersistenceProvider.createEntityManagerFactory(PersistenceProvider.java:188)
	at javax.persistence.Persistence.createEntityManagerFactory(Persistence.java:79)
	at javax.persistence.Persistence.createEntityManagerFactory(Persistence.java:54)
	at com.mycompany.personaltechweb.AlunoTest.setUpClass(AlunoTest.java:30)
	at sun.reflect.NativeMethodAccessorImpl.invoke0(Native Method)
	at sun.reflect.NativeMethodAccessorImpl.invoke(NativeMethodAccessorImpl.java:62)
	at sun.reflect.DelegatingMethodAccessorImpl.invoke(DelegatingMethodAccessorImpl.java:43)
	at java.lang.reflect.Method.invoke(Method.java:498)
	at org.junit.runners.model.FrameworkMethod$1.runReflectiveCall(FrameworkMethod.java:47)
	at org.junit.internal.runners.model.ReflectiveCallable.run(ReflectiveCallable.java:12)
	at org.junit.runners.model.FrameworkMethod.invokeExplosively(FrameworkMethod.java:44)
	at org.junit.internal.runners.statements.RunBefores.evaluate(RunBefores.java:24)
	at org.junit.internal.runners.statements.RunAfters.evaluate(RunAfters.java:27)
	at org.junit.runners.ParentRunner.run(ParentRunner.java:309)
	at org.apache.maven.surefire.junit4.JUnit4TestSet.execute(JUnit4TestSet.java:53)
	at org.apache.maven.surefire.junit4.JUnit4Provider.executeTestSet(JUnit4Provider.java:123)
	at org.apache.maven.surefire.junit4.JUnit4Provider.invoke(JUnit4Provider.java:104)
	at sun.reflect.NativeMethodAccessorImpl.invoke0(Native Method)
	at sun.reflect.NativeMethodAccessorImpl.invoke(NativeMethodAccessorImpl.java:62)
	at sun.reflect.DelegatingMethodAccessorImpl.invoke(DelegatingMethodAccessorImpl.java:43)
	at java.lang.reflect.Method.invoke(Method.java:498)
	at org.apache.maven.surefire.util.ReflectionUtils.invokeMethodWithArray(ReflectionUtils.java:164)
	at org.apache.maven.surefire.booter.ProviderFactory$ProviderProxy.invoke(ProviderFactory.java:110)
	at org.apache.maven.surefire.booter.SurefireStarter.invokeProvider(SurefireStarter.java:175)
	at org.apache.maven.surefire.booter.SurefireStarter.runSuitesInProcessWhenForked(SurefireStarter.java:107)
	at org.apache.maven.surefire.booter.ForkedBooter.main(ForkedBooter.java:68)
Caused by: javax.naming.NamingException: Lookup failed for &apos;jdbc_/personaltechweb&apos; in SerialContext[myEnv={java.naming.factory.initial=com.sun.enterprise.naming.impl.SerialInitContextFactory, java.naming.factory.url.pkgs=com.sun.enterprise.naming, java.naming.factory.state=com.sun.corba.ee.impl.presentation.rmi.JNDIStateFactoryImpl} [Root exception is javax.naming.NamingException: Failed to look up ConnectorDescriptor from JNDI [Root exception is com.sun.appserv.connectors.internal.api.ConnectorRuntimeException: Error in creating active RAR]]
	at com.sun.enterprise.naming.impl.SerialContext.lookup(SerialContext.java:491)
	at com.sun.enterprise.naming.impl.SerialContext.lookup(SerialContext.java:438)
	at com.sun.enterprise.naming.impl.SerialContext.lookup(SerialContext.java:622)
	at javax.naming.InitialContext.lookup(InitialContext.java:421)
	at org.eclipse.persistence.sessions.JNDIConnector.connect(JNDIConnector.java:115)
	... 40 more
Caused by: javax.naming.NamingException: Failed to look up ConnectorDescriptor from JNDI [Root exception is com.sun.appserv.connectors.internal.api.ConnectorRuntimeException: Error in creating active RAR]
	at com.sun.enterprise.resource.naming.ConnectorObjectFactory.getObjectInstance(ConnectorObjectFactory.java:114)
	at javax.naming.spi.NamingManager.getObjectInstance(NamingManager.java:321)
	at com.sun.enterprise.naming.impl.SerialContext.getObjectInstance(SerialContext.java:527)
	at com.sun.enterprise.naming.impl.SerialContext.lookup(SerialContext.java:487)
	... 44 more
Caused by: com.sun.appserv.connectors.internal.api.ConnectorRuntimeException: Error in creating active RAR
	at com.sun.enterprise.connectors.ActiveRAFactory.createActiveResourceAdapter(ActiveRAFactory.java:111)
	at com.sun.enterprise.connectors.service.ResourceAdapterAdminServiceImpl.createActiveResourceAdapter(ResourceAdapterAdminServiceImpl.java:210)
	at com.sun.enterprise.connectors.ConnectorRuntime.createActiveResourceAdapter(ConnectorRuntime.java:427)
	at com.sun.enterprise.resource.naming.ConnectorObjectFactory.getObjectInstance(ConnectorObjectFactory.java:107)
	... 47 more
Caused by: java.lang.ClassNotFoundException: com.sun.gjc.spi.ResourceAdapterImpl
	at java.net.URLClassLoader.findClass(URLClassLoader.java:381)
	at java.lang.ClassLoader.loadClass(ClassLoader.java:424)
	at sun.misc.Launcher$AppClassLoader.loadClass(Launcher.java:338)
	at java.lang.ClassLoader.loadClass(ClassLoader.java:357)
	at com.sun.enterprise.connectors.ActiveRAFactory.createActiveResourceAdapter(ActiveRAFactory.java:102)
	... 50 more

[EL Finest]: jpa: 2018-06-10 19:05:57.846--ServerSession(874217650)--Thread(Thread[main,5,main])--End deploying Persistence Unit PersonalTechWebPU; session /file:/home/john/NetBeansProjects/PersonalTechWeb/target/classes/_PersonalTechWebPU; state HalfDeployed; factoryCount 1
[EL Finest]: jpa: 2018-06-10 19:05:57.846--ServerSession(874217650)--Thread(Thread[main,5,main])--Begin undeploying Persistence Unit PersonalTechWebPU; session /file:/home/john/NetBeansProjects/PersonalTechWeb/target/classes/_PersonalTechWebPU; state HalfDeployed; factoryCount 1
[EL Finest]: jpa: 2018-06-10 19:05:57.847--ServerSession(874217650)--Thread(Thread[main,5,main])--End undeploying Persistence Unit PersonalTechWebPU; session /file:/home/john/NetBeansProjects/PersonalTechWeb/target/classes/_PersonalTechWebPU; state Undeployed; factoryCount 0
</system-out>
    <system-err>jun 10, 2018 7:05:40 PM org.hibernate.validator.internal.util.Version &lt;clinit&gt;
INFO: HV000001: Hibernate Validator 5.1.2.Final
jun 10, 2018 7:05:57 PM com.sun.enterprise.connectors.ActiveRAFactory createActiveResourceAdapter
SEVERE: RAR6001 : Class Not found : com.sun.gjc.spi.ResourceAdapterImpl
jun 10, 2018 7:05:57 PM com.sun.enterprise.connectors.ActiveRAFactory createActiveResourceAdapter
SEVERE: 
com.sun.appserv.connectors.internal.api.ConnectorRuntimeException: Error in creating active RAR
	at com.sun.enterprise.connectors.ActiveRAFactory.createActiveResourceAdapter(ActiveRAFactory.java:111)
	at com.sun.enterprise.connectors.service.ResourceAdapterAdminServiceImpl.createActiveResourceAdapter(ResourceAdapterAdminServiceImpl.java:210)
	at com.sun.enterprise.connectors.ConnectorRuntime.createActiveResourceAdapter(ConnectorRuntime.java:427)
	at com.sun.enterprise.resource.naming.ConnectorObjectFactory.getObjectInstance(ConnectorObjectFactory.java:107)
	at javax.naming.spi.NamingManager.getObjectInstance(NamingManager.java:321)
	at com.sun.enterprise.naming.impl.SerialContext.getObjectInstance(SerialContext.java:527)
	at com.sun.enterprise.naming.impl.SerialContext.lookup(SerialContext.java:487)
	at com.sun.enterprise.naming.impl.SerialContext.lookup(SerialContext.java:438)
	at com.sun.enterprise.naming.impl.SerialContext.lookup(SerialContext.java:622)
	at javax.naming.InitialContext.lookup(InitialContext.java:421)
	at org.eclipse.persistence.sessions.JNDIConnector.connect(JNDIConnector.java:115)
	at org.eclipse.persistence.sessions.DatasourceLogin.connectToDatasource(DatasourceLogin.java:162)
	at org.eclipse.persistence.internal.databaseaccess.DatasourceAccessor.connectInternal(DatasourceAccessor.java:346)
	at org.eclipse.persistence.internal.databaseaccess.DatabaseAccessor.connectInternal(DatabaseAccessor.java:309)
	at org.eclipse.persistence.internal.databaseaccess.DatasourceAccessor.connect(DatasourceAccessor.java:434)
	at org.eclipse.persistence.sessions.server.ConnectionPool.buildConnection(ConnectionPool.java:217)
	at org.eclipse.persistence.sessions.server.ExternalConnectionPool.startUp(ExternalConnectionPool.java:146)
	at org.eclipse.persistence.sessions.server.ServerSession.connect(ServerSession.java:488)
	at org.eclipse.persistence.internal.sessions.DatabaseSessionImpl.login(DatabaseSessionImpl.java:764)
	at org.eclipse.persistence.internal.jpa.EntityManagerFactoryProvider.login(EntityManagerFactoryProvider.java:267)
	at org.eclipse.persistence.internal.jpa.EntityManagerSetupImpl.deploy(EntityManagerSetupImpl.java:731)
	at org.eclipse.persistence.internal.jpa.EntityManagerFactoryDelegate.getAbstractSession(EntityManagerFactoryDelegate.java:205)
	at org.eclipse.persistence.internal.jpa.EntityManagerFactoryDelegate.getDatabaseSession(EntityManagerFactoryDelegate.java:183)
	at org.eclipse.persistence.internal.jpa.EntityManagerFactoryImpl.getDatabaseSession(EntityManagerFactoryImpl.java:528)
	at org.eclipse.persistence.jpa.PersistenceProvider.createEntityManagerFactoryImpl(PersistenceProvider.java:150)
	at org.eclipse.persistence.jpa.PersistenceProvider.createEntityManagerFactory(PersistenceProvider.java:188)
	at javax.persistence.Persistence.createEntityManagerFactory(Persistence.java:79)
	at javax.persistence.Persistence.createEntityManagerFactory(Persistence.java:54)
	at com.mycompany.personaltechweb.AlunoTest.setUpClass(AlunoTest.java:30)
	at sun.reflect.NativeMethodAccessorImpl.invoke0(Native Method)
	at sun.reflect.NativeMethodAccessorImpl.invoke(NativeMethodAccessorImpl.java:62)
	at sun.reflect.DelegatingMethodAccessorImpl.invoke(DelegatingMethodAccessorImpl.java:43)
	at java.lang.reflect.Method.invoke(Method.java:498)
	at org.junit.runners.model.FrameworkMethod$1.runReflectiveCall(FrameworkMethod.java:47)
	at org.junit.internal.runners.model.ReflectiveCallable.run(ReflectiveCallable.java:12)
	at org.junit.runners.model.FrameworkMethod.invokeExplosively(FrameworkMethod.java:44)
	at org.junit.internal.runners.statements.RunBefores.evaluate(RunBefores.java:24)
	at org.junit.internal.runners.statements.RunAfters.evaluate(RunAfters.java:27)
	at org.junit.runners.ParentRunner.run(ParentRunner.java:309)
	at org.apache.maven.surefire.junit4.JUnit4TestSet.execute(JUnit4TestSet.java:53)
	at org.apache.maven.surefire.junit4.JUnit4Provider.executeTestSet(JUnit4Provider.java:123)
	at org.apache.maven.surefire.junit4.JUnit4Provider.invoke(JUnit4Provider.java:104)
	at sun.reflect.NativeMethodAccessorImpl.invoke0(Native Method)
	at sun.reflect.NativeMethodAccessorImpl.invoke(NativeMethodAccessorImpl.java:62)
	at sun.reflect.DelegatingMethodAccessorImpl.invoke(DelegatingMethodAccessorImpl.java:43)
	at java.lang.reflect.Method.invoke(Method.java:498)
	at org.apache.maven.surefire.util.ReflectionUtils.invokeMethodWithArray(ReflectionUtils.java:164)
	at org.apache.maven.surefire.booter.ProviderFactory$ProviderProxy.invoke(ProviderFactory.java:110)
	at org.apache.maven.surefire.booter.SurefireStarter.invokeProvider(SurefireStarter.java:175)
	at org.apache.maven.surefire.booter.SurefireStarter.runSuitesInProcessWhenForked(SurefireStarter.java:107)
	at org.apache.maven.surefire.booter.ForkedBooter.main(ForkedBooter.java:68)
Caused by: java.lang.ClassNotFoundException: com.sun.gjc.spi.ResourceAdapterImpl
	at java.net.URLClassLoader.findClass(URLClassLoader.java:381)
	at java.lang.ClassLoader.loadClass(ClassLoader.java:424)
	at sun.misc.Launcher$AppClassLoader.loadClass(Launcher.java:338)
	at java.lang.ClassLoader.loadClass(ClassLoader.java:357)
	at com.sun.enterprise.connectors.ActiveRAFactory.createActiveResourceAdapter(ActiveRAFactory.java:102)
	... 50 more

</system-err>
  </testcase>
  <testcase classname="com.mycompany.personaltechweb.AlunoTest" name="com.mycompany.personaltechweb.AlunoTest" time="0.02">
    <error type="java.lang.NullPointerException">java.lang.NullPointerException
	at com.mycompany.personaltechweb.AlunoTest.tearDownClass(AlunoTest.java:36)
	at sun.reflect.NativeMethodAccessorImpl.invoke0(Native Method)
	at sun.reflect.NativeMethodAccessorImpl.invoke(NativeMethodAccessorImpl.java:62)
	at sun.reflect.DelegatingMethodAccessorImpl.invoke(DelegatingMethodAccessorImpl.java:43)
	at java.lang.reflect.Method.invoke(Method.java:498)
	at org.junit.runners.model.FrameworkMethod$1.runReflectiveCall(FrameworkMethod.java:47)
	at org.junit.internal.runners.model.ReflectiveCallable.run(ReflectiveCallable.java:12)
	at org.junit.runners.model.FrameworkMethod.invokeExplosively(FrameworkMethod.java:44)
	at org.junit.internal.runners.statements.RunAfters.evaluate(RunAfters.java:33)
	at org.junit.runners.ParentRunner.run(ParentRunner.java:309)
	at org.apache.maven.surefire.junit4.JUnit4TestSet.execute(JUnit4TestSet.java:53)
	at org.apache.maven.surefire.junit4.JUnit4Provider.executeTestSet(JUnit4Provider.java:123)
	at org.apache.maven.surefire.junit4.JUnit4Provider.invoke(JUnit4Provider.java:104)
	at sun.reflect.NativeMethodAccessorImpl.invoke0(Native Method)
	at sun.reflect.NativeMethodAccessorImpl.invoke(NativeMethodAccessorImpl.java:62)
	at sun.reflect.DelegatingMethodAccessorImpl.invoke(DelegatingMethodAccessorImpl.java:43)
	at java.lang.reflect.Method.invoke(Method.java:498)
	at org.apache.maven.surefire.util.ReflectionUtils.invokeMethodWithArray(ReflectionUtils.java:164)
	at org.apache.maven.surefire.booter.ProviderFactory$ProviderProxy.invoke(ProviderFactory.java:110)
	at org.apache.maven.surefire.booter.SurefireStarter.invokeProvider(SurefireStarter.java:175)
	at org.apache.maven.surefire.booter.SurefireStarter.runSuitesInProcessWhenForked(SurefireStarter.java:107)
	at org.apache.maven.surefire.booter.ForkedBooter.main(ForkedBooter.java:68)
</error>
  </testcase>
</testsuite>